<?xml version="1.0" encoding="utf-8"?><testsuites name="pytest tests"><testsuite name="pytest" errors="0" failures="0" skipped="0" tests="33" time="13.619" timestamp="2026-07-29T05:07:10.456811+00:00" hostname="agent-env-07fa75d4-1c99-4cc8-b87f-a555658aeb26"><testcase classname="tests.test_new_features.TestCameras" name="test_01_list_starts_empty_or_no_test_cams" time="0.634" /><testcase classname="tests.test_new_features.TestCameras" name="test_02_create_camera" time="0.079" /><testcase classname="tests.test_new_features.TestCameras" name="test_03_list_includes_status_field" time="0.099" /><testcase classname="tests.test_new_features.TestCameras" name="test_04_status_transitions_to_error_for_fake_rtsp" time="0.047" /><testcase classname="tests.test_new_features.TestCameras" name="test_05_patch_disable_stops_worker" time="4.509" /><testcase classname="tests.test_new_features.TestWatchlistAndAlerts" name="test_01_watchlist_invalid_status_400" time="2.973" /><testcase classname="tests.test_new_features.TestWatchlistAndAlerts" name="test_02_watchlist_missing_user_404" time="0.080" /><testcase classname="tests.test_new_features.TestWatchlistAndAlerts" name="test_03_set_vip" time="0.079" /><testcase classname="tests.test_new_features.TestWatchlistAndAlerts" name="test_04_recognize_multi_vip_creates_alert" time="2.777" /><testcase classname="tests.test_new_features.TestCameras" name="test_06_patch_missing_camera_404" time="0.077" /><testcase classname="tests.test_new_features.TestCameras" name="test_07_status_of_unknown_camera_returns_stopped" time="0.076" /><testcase classname="tests.test_new_features.TestCameras" name="test_08_delete_camera" time="0.116" /><testcase classname="tests.test_new_features.TestCameras" name="test_09_delete_missing_404" time="0.034" /><testcase classname="tests.test_new_features.TestCameras" name="test_10_status_after_delete_returns_stopped" time="0.074" /><testcase classname="tests.test_new_features.TestSettingsAndKiosk" name="test_01_get_settings_requires_auth" time="0.117" /><testcase classname="tests.test_new_features.TestSettingsAndKiosk" name="test_02_get_settings_default_shape" time="0.077" /><testcase classname="tests.test_new_features.TestWatchlistAndAlerts" name="test_05_set_blocked" time="0.036" /><testcase classname="tests.test_new_features.TestSettingsAndKiosk" name="test_03_patch_settings_saves" time="0.165" /><testcase classname="tests.test_new_features.TestWatchlistAndAlerts" name="test_06_recognize_multi_blocked_creates_alert" time="4.149" /><testcase classname="tests.test_new_features.TestSettingsAndKiosk" name="test_04_test_email_endpoint_contract" time="1.660" /><testcase classname="tests.test_new_features.TestSettingsAndKiosk" name="test_05_kiosk_wrong_token_401" time="0.104" /><testcase classname="tests.test_new_features.TestSettingsAndKiosk" name="test_06_kiosk_is_public_no_admin_auth" time="0.100" /><testcase classname="tests.test_new_features.TestSettingsAndKiosk" name="test_07_kiosk_known_face" time="2.120" /><testcase classname="tests.test_new_features.TestWatchlistAndAlerts" name="test_07_recognize_multi_unknown_creates_alert" time="2.394" /><testcase classname="tests.test_new_features.TestSettingsAndKiosk" name="test_08_kiosk_noise_no_face_or_unknown" time="1.097" /><testcase classname="tests.test_new_features.TestAlertsApi" name="test_list_returns_sorted_desc" time="1.297" /><testcase classname="tests.test_new_features.TestWatchlistAndAlerts" name="test_08_reset_to_normal" time="0.159" /><testcase classname="tests.test_new_features.TestAlertsApi" name="test_since_filter" time="0.152" /><testcase classname="tests.test_new_features.TestAlertsApi" name="test_alerts_require_auth" time="0.219" /><testcase classname="tests.test_new_features.TestDashboardStatsExtended" name="test_stats_has_new_fields" time="0.083" /><testcase classname="tests.test_new_features.TestAlertsApi" name="test_mark_read_individual" time="0.156" /><testcase classname="tests.test_new_features.TestAlertsApi" name="test_mark_read_missing_404" time="0.078" /><testcase classname="tests.test_new_features.TestAlertsApi" name="test_read_all" time="0.108" /></testsuite></testsuites>