<?xml version="1.0" encoding="utf-8"?><testsuites name="pytest tests"><testsuite name="pytest" errors="0" failures="0" skipped="0" tests="63" time="19.671" timestamp="2026-07-29T05:07:31.469321+00:00" hostname="agent-env-07fa75d4-1c99-4cc8-b87f-a555658aeb26"><testcase classname="tests.test_face_recognition.TestAuthGuards" name="test_requires_auth[GET-/api/auth/me]" time="0.446" /><testcase classname="tests.test_face_recognition.TestAuthGuards" name="test_requires_auth[GET-/api/users]" time="0.089" /><testcase classname="tests.test_face_recognition.TestAuthGuards" name="test_requires_auth[POST-/api/users]" time="0.078" /><testcase classname="tests.test_face_recognition.TestAuthGuards" name="test_requires_auth[POST-/api/recognize]" time="0.093" /><testcase classname="tests.test_face_recognition.TestUserLifecycle" name="test_01_get_user" time="0.759" /><testcase classname="tests.test_face_recognition.TestAuthGuards" name="test_requires_auth[POST-/api/recognize/multi]" time="0.071" /><testcase classname="tests.test_face_recognition.TestUserLifecycle" name="test_02_list_users_contains_created" time="0.081" /><testcase classname="tests.test_face_recognition.TestAuthGuards" name="test_requires_auth[GET-/api/attendance]" time="0.107" /><testcase classname="tests.test_face_recognition.TestUserLifecycle" name="test_03_get_missing_user_404" time="0.031" /><testcase classname="tests.test_face_recognition.TestUserLifecycle" name="test_04_enroll_success" time="2.568" /><testcase classname="tests.test_face_recognition.TestAuthGuards" name="test_requires_auth[GET-/api/recognition-history]" time="0.067" /><testcase classname="tests.test_face_recognition.TestAuthGuards" name="test_requires_auth[GET-/api/unknowns]" time="0.526" /><testcase classname="tests.test_face_recognition.TestAuthGuards" name="test_requires_auth[GET-/api/dashboard/stats]" time="0.594" /><testcase classname="tests.test_face_recognition.TestAuthGuards" name="test_public_endpoints_no_auth" time="1.312" /><testcase classname="tests.test_face_recognition.TestUserLifecycle" name="test_05_enroll_rejects_no_face" time="0.743" /><testcase classname="tests.test_face_recognition.TestUserLifecycle" name="test_06_user_has_embeddings_and_thumbnail" time="0.071" /><testcase classname="tests.test_new_features.TestCameras" name="test_01_list_starts_empty_or_no_test_cams" time="0.827" /><testcase classname="tests.test_face_recognition.TestUserLifecycle" name="test_07_recognize_single_known" time="0.617" /><testcase classname="tests.test_new_features.TestCameras" name="test_02_create_camera" time="0.071" /><testcase classname="tests.test_new_features.TestCameras" name="test_03_list_includes_status_field" time="0.515" /><testcase classname="tests.test_face_recognition.TestUserLifecycle" name="test_08_recognize_multi_known" time="1.635" /><testcase classname="tests.test_new_features.TestCameras" name="test_04_status_transitions_to_error_for_fake_rtsp" time="0.030" /><testcase classname="tests.test_new_features.TestCameras" name="test_05_patch_disable_stops_worker" time="1.563" /><testcase classname="tests.test_new_features.TestCameras" name="test_06_patch_missing_camera_404" time="0.029" /><testcase classname="tests.test_new_features.TestCameras" name="test_07_status_of_unknown_camera_returns_stopped" time="0.029" /><testcase classname="tests.test_face_recognition.TestUserLifecycle" name="test_09_recognize_multi_no_face" time="0.902" /><testcase classname="tests.test_new_features.TestCameras" name="test_08_delete_camera" time="0.846" /><testcase classname="tests.test_new_features.TestCameras" name="test_09_delete_missing_404" time="0.070" /><testcase classname="tests.test_face_recognition.TestUserLifecycle" name="test_10_attendance_list" time="0.030" /><testcase classname="tests.test_face_recognition.TestUserLifecycle" name="test_11_recognition_history" time="0.036" /><testcase classname="tests.test_new_features.TestCameras" name="test_10_status_after_delete_returns_stopped" time="0.032" /><testcase classname="tests.test_face_recognition.TestUserLifecycle" name="test_12_unknowns_list" time="0.104" /><testcase classname="tests.test_new_features.TestSettingsAndKiosk" name="test_01_get_settings_requires_auth" time="0.503" /><testcase classname="tests.test_new_features.TestSettingsAndKiosk" name="test_02_get_settings_default_shape" time="1.054" /><testcase classname="tests.test_new_features.TestSettingsAndKiosk" name="test_03_patch_settings_saves" time="0.576" /><testcase classname="tests.test_new_features.TestWatchlistAndAlerts" name="test_01_watchlist_invalid_status_400" time="2.363" /><testcase classname="tests.test_new_features.TestSettingsAndKiosk" name="test_04_test_email_endpoint_contract" time="0.245" /><testcase classname="tests.test_new_features.TestWatchlistAndAlerts" name="test_02_watchlist_missing_user_404" time="0.030" /><testcase classname="tests.test_new_features.TestWatchlistAndAlerts" name="test_03_set_vip" time="0.139" /><testcase classname="tests.test_new_features.TestWatchlistAndAlerts" name="test_04_recognize_multi_vip_creates_alert" time="3.874" /><testcase classname="tests.test_new_features.TestSettingsAndKiosk" name="test_05_kiosk_wrong_token_401" time="1.590" /><testcase classname="tests.test_new_features.TestSettingsAndKiosk" name="test_06_kiosk_is_public_no_admin_auth" time="0.093" /><testcase classname="tests.test_new_features.TestSettingsAndKiosk" name="test_07_kiosk_known_face" time="2.150" /><testcase classname="tests.test_new_features.TestWatchlistAndAlerts" name="test_05_set_blocked" time="0.071" /><testcase classname="tests.test_new_features.TestSettingsAndKiosk" name="test_08_kiosk_noise_no_face_or_unknown" time="2.798" /><testcase classname="tests.test_new_features.TestWatchlistAndAlerts" name="test_06_recognize_multi_blocked_creates_alert" time="3.649" /><testcase classname="tests.test_new_features.TestAlertsApi" name="test_list_returns_sorted_desc" time="0.072" /><testcase classname="tests.test_new_features.TestAlertsApi" name="test_since_filter" time="0.099" /><testcase classname="tests.test_new_features.TestAlertsApi" name="test_alerts_require_auth" time="0.182" /><testcase classname="tests.test_new_features.TestAlertsApi" name="test_mark_read_individual" time="0.139" /><testcase classname="tests.test_new_features.TestAlertsApi" name="test_mark_read_missing_404" time="0.074" /><testcase classname="tests.test_new_features.TestAlertsApi" name="test_read_all" time="0.097" /><testcase classname="tests.test_face_recognition.TestAuth" name="test_login_success" time="0.251" /><testcase classname="tests.test_face_recognition.TestAuth" name="test_login_invalid" time="0.401" /><testcase classname="tests.test_new_features.TestWatchlistAndAlerts" name="test_07_recognize_multi_unknown_creates_alert" time="1.337" /><testcase classname="tests.test_face_recognition.TestAuth" name="test_me_with_bearer" time="0.940" /><testcase classname="tests.test_new_features.TestWatchlistAndAlerts" name="test_08_reset_to_normal" time="0.101" /><testcase classname="tests.test_face_recognition.TestAuth" name="test_logout" time="0.030" /><testcase classname="tests.test_face_recognition.TestDashboard" name="test_stats_shape" time="0.035" /><testcase classname="tests.test_face_recognition.TestDeleteUser" name="test_delete_and_verify" time="0.171" /><testcase classname="tests.test_face_recognition.TestHealth" name="test_engine_ready" time="0.073" /><testcase classname="tests.test_face_recognition.TestHealth" name="test_root" time="0.073" /><testcase classname="tests.test_new_features.TestDashboardStatsExtended" name="test_stats_has_new_fields" time="0.058" /></testsuite></testsuites>