<?xml version="1.0" encoding="utf-8"?><testsuites name="pytest tests"><testsuite name="pytest" errors="0" failures="0" skipped="0" tests="86" time="39.622" timestamp="2026-07-30T11:31:48.813062+00:00" hostname="agent-env-07fa75d4-1c99-4cc8-b87f-a555658aeb26"><testcase classname="tests.test_retail_features.TestRetailFeatures" name="test_01_create_user_with_retail_fields" time="1.503" /><testcase classname="tests.test_retail_features.TestRetailFeatures" name="test_02_patch_retail_fields_ignore_unknown" time="0.084" /><testcase classname="tests.test_face_recognition.TestUserLifecycle" name="test_01_get_user" time="1.550" /><testcase classname="tests.test_face_recognition.TestUserLifecycle" name="test_02_list_users_contains_created" time="0.081" /><testcase classname="tests.test_retail_features.TestRetailFeatures" name="test_03_patch_empty_body_400" time="0.045" /><testcase classname="tests.test_face_recognition.TestUserLifecycle" name="test_03_get_missing_user_404" time="0.094" /><testcase classname="tests.test_retail_features.TestRetailFeatures" name="test_04_patch_missing_user_404" time="0.037" /><testcase classname="tests.test_retail_features.TestRetailFeatures" name="test_05_list_users_has_new_fields" time="0.040" /><testcase classname="tests.test_retail_features.TestRetailFeatures" name="test_06_register_from_unknown_flow" time="16.496" /><testcase classname="tests.test_face_recognition.TestUserLifecycle" name="test_04_enroll_success" time="11.079" /><testcase classname="tests.test_face_recognition.TestUserLifecycle" name="test_05_enroll_rejects_no_face" time="5.776" /><testcase classname="tests.test_retail_features.TestRetailFeatures" name="test_07_register_from_unknown_404" time="0.363" /><testcase classname="tests.test_retail_features.TestRetailFeatures" name="test_08_recognize_multi_visits_increment_once_per_day" time="6.550" /><testcase classname="tests.test_face_recognition.TestUserLifecycle" name="test_06_user_has_embeddings_and_thumbnail" time="0.034" /><testcase classname="tests.test_face_recognition.TestUserLifecycle" name="test_07_recognize_single_known" time="0.483" /><testcase classname="tests.test_face_recognition.TestUserLifecycle" name="test_08_recognize_multi_known" time="5.984" /><testcase classname="tests.test_face_recognition.TestUserLifecycle" name="test_09_recognize_multi_no_face" time="0.904" /><testcase classname="tests.test_retail_features.TestRetailFeatures" name="test_09_create_purchase" time="0.949" /><testcase classname="tests.test_face_recognition.TestUserLifecycle" name="test_10_attendance_list" time="0.038" /><testcase classname="tests.test_face_recognition.TestUserLifecycle" name="test_11_recognition_history" time="0.035" /><testcase classname="tests.test_face_recognition.TestUserLifecycle" name="test_12_unknowns_list" time="0.110" /><testcase classname="tests.test_retail_features.TestRetailFeatures" name="test_10_list_purchases_by_user" time="0.041" /><testcase classname="tests.test_retail_features.TestRetailFeatures" name="test_11_list_all_purchases_has_customer_name" time="0.085" /><testcase classname="tests.test_face_recognition.TestAuthGuards" name="test_requires_auth[GET-/api/auth/me]" time="0.112" /><testcase classname="tests.test_retail_features.TestRetailFeatures" name="test_12_delete_purchase_reverses_increments" time="0.254" /><testcase classname="tests.test_face_recognition.TestAuthGuards" name="test_requires_auth[GET-/api/users]" time="0.078" /><testcase classname="tests.test_face_recognition.TestAuthGuards" name="test_requires_auth[POST-/api/users]" time="0.090" /><testcase classname="tests.test_retail_features.TestRetailFeatures" name="test_13_delete_purchase_404" time="0.064" /><testcase classname="tests.test_face_recognition.TestAuthGuards" name="test_requires_auth[POST-/api/recognize]" time="0.121" /><testcase classname="tests.test_retail_features.TestRetailFeatures" name="test_14_reports_overview_shape" time="0.060" /><testcase classname="tests.test_face_recognition.TestAuthGuards" name="test_requires_auth[POST-/api/recognize/multi]" time="0.104" /><testcase classname="tests.test_retail_features.TestRetailFeatures" name="test_15_reports_top_spenders" time="0.101" /><testcase classname="tests.test_retail_features.TestRetailFeatures" name="test_16_reports_frequent_visitors" time="0.057" /><testcase classname="tests.test_face_recognition.TestAuthGuards" name="test_requires_auth[GET-/api/attendance]" time="0.071" /><testcase classname="tests.test_retail_features.TestRetailFeatures" name="test_17_reports_vips" time="0.169" /><testcase classname="tests.test_face_recognition.TestAuthGuards" name="test_requires_auth[GET-/api/recognition-history]" time="0.082" /><testcase classname="tests.test_face_recognition.TestAuthGuards" name="test_requires_auth[GET-/api/unknowns]" time="0.072" /><testcase classname="tests.test_retail_features.TestRetailFeatures" name="test_18_send_digest_400_when_alert_email_missing" time="0.341" /><testcase classname="tests.test_face_recognition.TestAuthGuards" name="test_requires_auth[GET-/api/dashboard/stats]" time="0.103" /><testcase classname="tests.test_face_recognition.TestAuthGuards" name="test_public_endpoints_no_auth" time="0.107" /><testcase classname="tests.test_retail_features.TestRetailFeatures" name="test_19_send_digest_contract_with_email" time="0.258" /><testcase classname="tests.test_new_features.TestCameras" name="test_01_list_starts_empty_or_no_test_cams" time="0.274" /><testcase classname="tests.test_new_features.TestCameras" name="test_02_create_camera" time="0.038" /><testcase classname="tests.test_new_features.TestCameras" name="test_03_list_includes_status_field" time="0.032" /><testcase classname="tests.test_new_features.TestCameras" name="test_04_status_transitions_to_error_for_fake_rtsp" time="1.065" /><testcase classname="tests.test_retail_features.TestRetailFeatures" name="test_20_send_digest_requires_admin" time="0.080" /><testcase classname="tests.test_retail_features.TestRetailFeatures" name="test_21_create_purchase_auto_total_from_items" time="0.248" /><testcase classname="tests.test_retail_features.TestRetailFeatures" name="test_22_reports_require_auth" time="0.196" /><testcase classname="tests.test_retail_features.TestRetailFeatures" name="test_23_purchases_require_auth" time="0.576" /><testcase classname="tests.test_new_features.TestCameras" name="test_05_patch_disable_stops_worker" time="2.260" /><testcase classname="tests.test_new_features.TestWatchlistAndAlerts" name="test_01_watchlist_invalid_status_400" time="2.221" /><testcase classname="tests.test_new_features.TestCameras" name="test_06_patch_missing_camera_404" time="0.075" /><testcase classname="tests.test_new_features.TestWatchlistAndAlerts" name="test_02_watchlist_missing_user_404" time="0.038" /><testcase classname="tests.test_new_features.TestCameras" name="test_07_status_of_unknown_camera_returns_stopped" time="0.074" /><testcase classname="tests.test_new_features.TestWatchlistAndAlerts" name="test_03_set_vip" time="0.121" /><testcase classname="tests.test_new_features.TestCameras" name="test_08_delete_camera" time="0.111" /><testcase classname="tests.test_new_features.TestWatchlistAndAlerts" name="test_04_recognize_multi_vip_creates_alert" time="3.593" /><testcase classname="tests.test_new_features.TestCameras" name="test_09_delete_missing_404" time="0.032" /><testcase classname="tests.test_new_features.TestCameras" name="test_10_status_after_delete_returns_stopped" time="0.030" /><testcase classname="tests.test_new_features.TestSettingsAndKiosk" name="test_01_get_settings_requires_auth" time="1.368" /><testcase classname="tests.test_new_features.TestSettingsAndKiosk" name="test_02_get_settings_default_shape" time="0.077" /><testcase classname="tests.test_new_features.TestSettingsAndKiosk" name="test_03_patch_settings_saves" time="0.076" /><testcase classname="tests.test_new_features.TestSettingsAndKiosk" name="test_04_test_email_endpoint_contract" time="0.226" /><testcase classname="tests.test_new_features.TestSettingsAndKiosk" name="test_05_kiosk_wrong_token_401" time="0.121" /><testcase classname="tests.test_new_features.TestSettingsAndKiosk" name="test_06_kiosk_is_public_no_admin_auth" time="0.077" /><testcase classname="tests.test_new_features.TestSettingsAndKiosk" name="test_07_kiosk_known_face" time="1.521" /><testcase classname="tests.test_new_features.TestSettingsAndKiosk" name="test_08_kiosk_noise_no_face_or_unknown" time="1.002" /><testcase classname="tests.test_new_features.TestWatchlistAndAlerts" name="test_05_set_blocked" time="0.061" /><testcase classname="tests.test_new_features.TestWatchlistAndAlerts" name="test_06_recognize_multi_blocked_creates_alert" time="3.118" /><testcase classname="tests.test_new_features.TestAlertsApi" name="test_list_returns_sorted_desc" time="1.394" /><testcase classname="tests.test_new_features.TestAlertsApi" name="test_since_filter" time="0.062" /><testcase classname="tests.test_new_features.TestAlertsApi" name="test_alerts_require_auth" time="0.181" /><testcase classname="tests.test_new_features.TestAlertsApi" name="test_mark_read_individual" time="0.138" /><testcase classname="tests.test_new_features.TestAlertsApi" name="test_mark_read_missing_404" time="0.074" /><testcase classname="tests.test_new_features.TestAlertsApi" name="test_read_all" time="0.066" /><testcase classname="tests.test_face_recognition.TestAuth" name="test_login_success" time="0.255" /><testcase classname="tests.test_face_recognition.TestAuth" name="test_login_invalid" time="0.368" /><testcase classname="tests.test_new_features.TestWatchlistAndAlerts" name="test_07_recognize_multi_unknown_creates_alert" time="1.205" /><testcase classname="tests.test_face_recognition.TestAuth" name="test_me_with_bearer" time="0.778" /><testcase classname="tests.test_face_recognition.TestAuth" name="test_logout" time="0.071" /><testcase classname="tests.test_new_features.TestWatchlistAndAlerts" name="test_08_reset_to_normal" time="0.165" /><testcase classname="tests.test_face_recognition.TestDashboard" name="test_stats_shape" time="0.039" /><testcase classname="tests.test_face_recognition.TestDeleteUser" name="test_delete_and_verify" time="0.183" /><testcase classname="tests.test_face_recognition.TestHealth" name="test_engine_ready" time="0.041" /><testcase classname="tests.test_face_recognition.TestHealth" name="test_root" time="0.068" /><testcase classname="tests.test_new_features.TestDashboardStatsExtended" name="test_stats_has_new_fields" time="0.037" /></testsuite></testsuites>