<?xml version="1.0" encoding="utf-8"?><testsuites name="pytest tests"><testsuite name="pytest" errors="0" failures="0" skipped="0" tests="23" time="17.839" timestamp="2026-07-30T11:31:16.862345+00:00" hostname="agent-env-07fa75d4-1c99-4cc8-b87f-a555658aeb26"><testcase classname="tests.test_retail_features.TestRetailFeatures" name="test_01_create_user_with_retail_fields" time="0.929" /><testcase classname="tests.test_retail_features.TestRetailFeatures" name="test_02_patch_retail_fields_ignore_unknown" time="0.080" /><testcase classname="tests.test_retail_features.TestRetailFeatures" name="test_03_patch_empty_body_400" time="0.030" /><testcase classname="tests.test_retail_features.TestRetailFeatures" name="test_04_patch_missing_user_404" time="0.073" /><testcase classname="tests.test_retail_features.TestRetailFeatures" name="test_05_list_users_has_new_fields" time="0.076" /><testcase classname="tests.test_retail_features.TestRetailFeatures" name="test_06_register_from_unknown_flow" time="9.430" /><testcase classname="tests.test_retail_features.TestRetailFeatures" name="test_07_register_from_unknown_404" time="0.076" /><testcase classname="tests.test_retail_features.TestRetailFeatures" name="test_08_recognize_multi_visits_increment_once_per_day" time="4.188" /><testcase classname="tests.test_retail_features.TestRetailFeatures" name="test_09_create_purchase" time="0.194" /><testcase classname="tests.test_retail_features.TestRetailFeatures" name="test_10_list_purchases_by_user" time="0.031" /><testcase classname="tests.test_retail_features.TestRetailFeatures" name="test_11_list_all_purchases_has_customer_name" time="0.074" /><testcase classname="tests.test_retail_features.TestRetailFeatures" name="test_12_delete_purchase_reverses_increments" time="0.210" /><testcase classname="tests.test_retail_features.TestRetailFeatures" name="test_13_delete_purchase_404" time="0.032" /><testcase classname="tests.test_retail_features.TestRetailFeatures" name="test_14_reports_overview_shape" time="0.074" /><testcase classname="tests.test_retail_features.TestRetailFeatures" name="test_15_reports_top_spenders" time="0.068" /><testcase classname="tests.test_retail_features.TestRetailFeatures" name="test_16_reports_frequent_visitors" time="0.035" /><testcase classname="tests.test_retail_features.TestRetailFeatures" name="test_17_reports_vips" time="0.182" /><testcase classname="tests.test_retail_features.TestRetailFeatures" name="test_18_send_digest_400_when_alert_email_missing" time="0.204" /><testcase classname="tests.test_retail_features.TestRetailFeatures" name="test_19_send_digest_contract_with_email" time="0.277" /><testcase classname="tests.test_retail_features.TestRetailFeatures" name="test_20_send_digest_requires_admin" time="0.110" /><testcase classname="tests.test_retail_features.TestRetailFeatures" name="test_21_create_purchase_auto_total_from_items" time="0.294" /><testcase classname="tests.test_retail_features.TestRetailFeatures" name="test_22_reports_require_auth" time="0.272" /><testcase classname="tests.test_retail_features.TestRetailFeatures" name="test_23_purchases_require_auth" time="0.504" /></testsuite></testsuites>